<?xml version="1.0" encoding="UTF-8"?>
<testsuite name="com.group.libraryapp.calculator.JunitCalculatorTest" tests="1" skipped="0" failures="0" errors="0" timestamp="2023-04-28T14:21:14" hostname="DESKTOP-GVFRNA6" time="0.134">
  <properties/>
  <testcase name="divideExceptionTest()" classname="com.group.libraryapp.calculator.JunitCalculatorTest" time="0.134"/>
  <system-out><![CDATA[]]></system-out>
  <system-err><![CDATA[]]></system-err>
</testsuite>
